<?xml version="1.0" encoding="UTF-8"?>
<!-- Generated by org.testng.reporters.JUnitReportReporter -->
<testsuite hostname="DESKTOP-UCBD25M" failures="0" tests="3" name="TestORMPack.TestClass2" time="0.009" errors="0" timestamp="2023-09-28T01:33:44 IST" skipped="0">
  <testcase classname="TestORMPack.TestClass2" name="Test6" time="0.004"/>
  <testcase classname="TestORMPack.TestClass2" name="Test7" time="0.003"/>
  <testcase classname="TestORMPack.TestClass2" name="Test5" time="0.002"/>
</testsuite> <!-- TestORMPack.TestClass2 -->
