<?xml version="1.0" encoding="UTF-8"?>
<!-- Generated by org.testng.reporters.JUnitReportReporter -->
<testsuite hostname="DESKTOP-UCBD25M" failures="0" tests="4" name="TestORMPack.TestClass1" time="0.017" errors="0" timestamp="2023-09-28T01:33:44 IST" skipped="0">
  <testcase classname="TestORMPack.TestClass1" name="test2" time="0.002"/>
  <testcase classname="TestORMPack.TestClass1" name="test3" time="0.002"/>
  <testcase classname="TestORMPack.TestClass1" name="test4" time="0.002"/>
  <testcase classname="TestORMPack.TestClass1" name="test1" time="0.011"/>
</testsuite> <!-- TestORMPack.TestClass1 -->
